c:\users\я\desktop\c++\lab_c++_3\x64\debug\vc143.pdb
c:\users\я\desktop\c++\lab_c++_3\x64\debug\vc143.idb
c:\users\я\desktop\c++\lab_c++_3\x64\debug\lab_c++_3.obj
c:\users\я\desktop\c++\lab_c++_3\x64\debug\expressionevaluator.obj
c:\users\я\desktop\c++\lab_c++_3\x64\debug\divisor.obj
c:\users\я\desktop\c++\lab_c++_3\x64\debug\summator.obj
c:\users\я\desktop\c++\lab_c++_3\x64\debug\customexpressionevaluator.obj
c:\users\я\desktop\c++\lab_c++_3\x64\debug\shop.obj
c:\users\я\desktop\c++\lab_c++_3\x64\debug\pharmacy.obj
c:\users\я\desktop\c++\lab_c++_3\x64\debug\boutique.obj
c:\users\я\desktop\c++\lab_c++_3\x64\debug\lab_c++_3.exe
c:\users\я\desktop\c++\lab_c++_3\x64\debug\lab_c++_3.ilk
c:\users\я\desktop\c++\lab_c++_3\x64\debug\lab_c++_3.pdb
c:\users\я\desktop\c++\lab_c++_3\x64\debug\lab_c++_3.tlog\cl.command.1.tlog
c:\users\я\desktop\c++\lab_c++_3\x64\debug\lab_c++_3.tlog\cl.items.tlog
c:\users\я\desktop\c++\lab_c++_3\x64\debug\lab_c++_3.tlog\cl.read.1.tlog
c:\users\я\desktop\c++\lab_c++_3\x64\debug\lab_c++_3.tlog\cl.write.1.tlog
c:\users\я\desktop\c++\lab_c++_3\x64\debug\lab_c++_3.tlog\link.command.1.tlog
c:\users\я\desktop\c++\lab_c++_3\x64\debug\lab_c++_3.tlog\link.read.1.tlog
c:\users\я\desktop\c++\lab_c++_3\x64\debug\lab_c++_3.tlog\link.write.1.tlog
